<?xml version="1.0" encoding="UTF-8"?>
<!-- Generated by org.testng.reporters.JUnitXMLReporter -->
<testsuite ignored="0" hostname="Vinutha" failures="0" tests="6" name="Default test" time="40.957" errors="0" timestamp="2024-11-04T23:22:18 CST">
  <testcase classname="Endtoend_Test_updated.CompleteEndToEndTest" name="getToken" time="1.808"/>
  <testcase classname="Endtoend_Test_updated.CompleteEndToEndTest" name="getAllUsers" time="19.823"/>
  <testcase classname="Endtoend_Test_updated.CompleteEndToEndTest" name="createUser" time="16.11"/>
  <testcase classname="Endtoend_Test_updated.CompleteEndToEndTest" name="updateUser" time="2.507"/>
  <testcase classname="Endtoend_Test_updated.CompleteEndToEndTest" name="deleteUser" time="0.167"/>
  <testcase classname="Endtoend_Test_updated.CompleteEndToEndTest" name="deleteUserWithHardCodedValues" time="0.164"/>
</testsuite> <!-- Default test -->
