<?xml version="1.0" encoding="UTF-8"?>
<testng-results ignored="0" total="6" passed="6" failed="0" skipped="0">
  <reporter-output>
  </reporter-output>
  <suite started-at="2024-11-04T23:21:37 CST" name="Default suite" finished-at="2024-11-04T23:22:18 CST" duration-ms="40957">
    <groups>
    </groups>
    <test started-at="2024-11-04T23:21:37 CST" name="Default test" finished-at="2024-11-04T23:22:18 CST" duration-ms="40957">
      <class name="Endtoend_Test_updated.CompleteEndToEndTest">
        <test-method is-config="true" signature="setUp()[pri:0, instance:Endtoend_Test_updated.CompleteEndToEndTest@55141def]" started-at="2024-11-04T23:21:37 CST" name="setUp" finished-at="2024-11-04T23:21:37 CST" duration-ms="329" status="PASS">
          <reporter-output>
          </reporter-output>
        </test-method> <!-- setUp -->
        <test-method signature="getToken()[pri:0, instance:Endtoend_Test_updated.CompleteEndToEndTest@55141def]" started-at="2024-11-04T23:21:37 CST" name="getToken" finished-at="2024-11-04T23:21:39 CST" duration-ms="1808" status="PASS">
          <reporter-output>
          </reporter-output>
        </test-method> <!-- getToken -->
        <test-method signature="getAllUsers()[pri:0, instance:Endtoend_Test_updated.CompleteEndToEndTest@55141def]" started-at="2024-11-04T23:21:39 CST" name="getAllUsers" finished-at="2024-11-04T23:21:59 CST" depends-on-methods="Endtoend_Test_updated.CompleteEndToEndTest.getToken" duration-ms="19823" status="PASS">
          <reporter-output>
          </reporter-output>
        </test-method> <!-- getAllUsers -->
        <test-method signature="createUser()[pri:0, instance:Endtoend_Test_updated.CompleteEndToEndTest@55141def]" started-at="2024-11-04T23:21:59 CST" name="createUser" finished-at="2024-11-04T23:22:15 CST" depends-on-methods="Endtoend_Test_updated.CompleteEndToEndTest.getAllUsers" duration-ms="16110" status="PASS">
          <reporter-output>
          </reporter-output>
        </test-method> <!-- createUser -->
        <test-method signature="updateUser()[pri:4, instance:Endtoend_Test_updated.CompleteEndToEndTest@55141def]" started-at="2024-11-04T23:22:15 CST" name="updateUser" finished-at="2024-11-04T23:22:17 CST" depends-on-methods="Endtoend_Test_updated.CompleteEndToEndTest.createUser" duration-ms="2507" status="PASS">
          <reporter-output>
          </reporter-output>
        </test-method> <!-- updateUser -->
        <test-method signature="deleteUser()[pri:5, instance:Endtoend_Test_updated.CompleteEndToEndTest@55141def]" started-at="2024-11-04T23:22:17 CST" name="deleteUser" finished-at="2024-11-04T23:22:18 CST" depends-on-methods="Endtoend_Test_updated.CompleteEndToEndTest.updateUser" duration-ms="167" status="PASS">
          <reporter-output>
          </reporter-output>
        </test-method> <!-- deleteUser -->
        <test-method signature="deleteUserWithHardCodedValues()[pri:6, instance:Endtoend_Test_updated.CompleteEndToEndTest@55141def]" started-at="2024-11-04T23:22:18 CST" name="deleteUserWithHardCodedValues" finished-at="2024-11-04T23:22:18 CST" duration-ms="164" status="PASS">
          <reporter-output>
          </reporter-output>
        </test-method> <!-- deleteUserWithHardCodedValues -->
      </class> <!-- Endtoend_Test_updated.CompleteEndToEndTest -->
    </test> <!-- Default test -->
  </suite> <!-- Default suite -->
</testng-results>
